<?xml version="1.0" encoding="UTF-8"?>
<!-- Generated by org.testng.reporters.JUnitXMLReporter -->
<testsuite ignored="0" hostname="DESKTOP-F7IKRUH" failures="1" tests="2" name="Test" time="0.061" errors="0" timestamp="2022-11-04T19:50:56 IST">
  <testcase classname="TestNG_Advantages.Soft_assert" name="TC1" time="0.014">
    <failure type="java.lang.AssertionError" message="The following asserts failed:
	expected [Bye] but found [hi]">
      <![CDATA[java.lang.AssertionError: The following asserts failed:
expected [Bye] but found [hi]
at TestNG_Advantages.Soft_assert.TC1(Soft_assert.java:18)
at java.base/java.util.ArrayList.forEach(ArrayList.java:1511)
... Removed 29 stack frames]]>
    </failure>
  </testcase> <!-- TC1 -->
  <testcase classname="TestNG_Advantages.Soft_assert" name="TC2" time="0.0"/>
</testsuite> <!-- Test -->
